<?xml version="1.0" encoding="UTF-8"?>
<!-- Generated by org.testng.reporters.JUnitReportReporter -->
<testsuite hostname="DESKTOP-FM8NVR2" failures="0" tests="2" name="com.qa.testscripts.TC_Amazon_003" time="0.000" errors="0" timestamp="2022-03-30T21:18:33 SGT" skipped="2">
  <testcase classname="com.qa.testscripts.TC_Amazon_003" name="searchItem" time="0.000">
    <skipped/>
  </testcase> <!-- searchItem -->
  <system-out/>
  <testcase classname="com.qa.testscripts.TC_Amazon_003" name="validateTitle">
    <skipped/>
  </testcase> <!-- validateTitle -->
  <system-out/>
</testsuite> <!-- com.qa.testscripts.TC_Amazon_003 -->
