<?xml version="1.0" encoding="UTF-8"?>
<!-- Generated by org.testng.reporters.JUnitReportReporter -->
<testsuite hostname="DESKTOP-FM8NVR2" failures="0" tests="1" name="com.qa.testscripts.TC_Amazon_002" time="20.174" errors="0" timestamp="2022-03-25T13:59:14 SGT" skipped="0">
  <testcase classname="com.qa.testscripts.TC_Amazon_002" name="searchItem" time="20.174"/>
  <system-out/>
</testsuite> <!-- com.qa.testscripts.TC_Amazon_002 -->
