<?xml version="1.0" encoding="UTF-8"?>
<!-- Generated by org.testng.reporters.JUnitReportReporter -->
<testsuite hostname="DESKTOP-FM8NVR2" failures="0" tests="1" name="com.qa.testscripts.TC_ActionsDemo" time="3.699" errors="0" timestamp="2022-03-31T11:31:19 SGT" skipped="0">
  <testcase classname="com.qa.testscripts.TC_ActionsDemo" name="DraganDrop" time="3.699"/>
  <system-out/>
</testsuite> <!-- com.qa.testscripts.TC_ActionsDemo -->
