<?xml version="1.0" encoding="UTF-8"?>
<!-- Generated by org.testng.reporters.JUnitReportReporter -->
<testsuite hostname="DESKTOP-FM8NVR2" failures="0" tests="1" name="com.qa.testscripts.TC_CitiBank_001" time="4.005" errors="0" timestamp="2022-03-30T21:53:21 SGT" skipped="0">
  <testcase classname="com.qa.testscripts.TC_CitiBank_001" name="workingWithWindows" time="4.005"/>
  <system-out>
    <![CDATA[CDwindow-94F3EE40372B0BAFA9E6E3085ACFAC8C
Citi India - Credit Cards, Personal & Home Loans, Investment, Wealth Management & Banking
CDwindow-172AF8ABD42E6CB83B179A97CFE8727D
Disclaimer
CDwindow-2C49D3A5D996A365E00D52E414BC62DE
Global Investment Bank and Financial Services | Citi]]>
  </system-out>
</testsuite> <!-- com.qa.testscripts.TC_CitiBank_001 -->
