<?xml version="1.0" encoding="UTF-8"?>
<!-- Generated by org.testng.reporters.JUnitReportReporter -->
<testsuite hostname="DESKTOP-FM8NVR2" failures="0" tests="1" name="com.qa.testscripts.TC_OrangeHRM_002" time="17.454" errors="0" timestamp="2022-03-25T14:38:32 SGT" skipped="0">
  <testcase classname="com.qa.testscripts.TC_OrangeHRM_002" name="searchItem" time="17.454"/>
  <system-out>
    <![CDATA[OrangeHRM page is loaded]]>
  </system-out>
</testsuite> <!-- com.qa.testscripts.TC_OrangeHRM_002 -->
