<?xml version="1.0" encoding="UTF-8"?>
<!-- Generated by org.testng.reporters.JUnitReportReporter -->
<testsuite hostname="DESKTOP-FM8NVR2" failures="0" tests="2" name="com.qa.testscripts.TC_ScreenshotDemo" time="1.830" errors="0" timestamp="2022-03-31T14:31:29 SGT" skipped="0">
  <testcase classname="com.qa.testscripts.TC_ScreenshotDemo" name="screenshotByDriver" time="1.401"/>
  <system-out/>
  <testcase classname="com.qa.testscripts.TC_ScreenshotDemo" name="screenshotByElement" time="0.429"/>
  <system-out/>
</testsuite> <!-- com.qa.testscripts.TC_ScreenshotDemo -->
